<?xml version="1.0" encoding="UTF-8"?>
<robot generator="Robot 6.1.1 (Python 3.12.1 on win32)" generated="20240610 09:01:40.627" rpa="false" schemaversion="4">
<suite id="s1" name="Color Validation" source="D:\Pandu\GITPandu\color_validation">
<suite id="s1-s1" name="Robot Color" source="D:\Pandu\GITPandu\color_validation\robot_color.robot">
<test id="s1-s1-t1" name="launching" line="11">
<kw name="Open Browser" library="SeleniumLibrary">
<arg>${url}</arg>
<arg>${browser}</arg>
<doc>Opens a new browser instance to the optional ``url``.</doc>
<msg timestamp="20240610 09:01:41.001" level="INFO">Opening browser 'chrome' to base url 'https://opensource-demo.orangehrmlive.com/web/index.php/auth/login'.</msg>
<msg timestamp="20240610 09:03:07.206" level="WARN">Exception managing chrome: error sending request for url (https://googlechromelabs.github.io/chrome-for-testing/known-good-versions-with-downloads.json): error trying to connect: tcp connect error: A connection attempt failed because the connected party did not properly respond after a period of time, or established connection failed because connected host has failed to respond. (os error 10060)</msg>
<msg timestamp="20240610 09:03:07.206" level="WARN">The chromedriver version (124.0.6367.91) detected in PATH at D:\Program Files\Python312\Scripts\chromedriver.exe might not be compatible with the detected chrome version (125.0.6422.142); currently, chromedriver  is recommended for chrome 125.*, so it is advised to delete the driver in PATH and retry</msg>
<status status="PASS" starttime="20240610 09:01:41.001" endtime="20240610 09:03:21.797"/>
</kw>
<kw name="Sleep" library="BuiltIn">
<arg>5s</arg>
<doc>Pauses the test executed for the given time.</doc>
<msg timestamp="20240610 09:03:26.798" level="INFO">Slept 5 seconds</msg>
<status status="PASS" starttime="20240610 09:03:21.797" endtime="20240610 09:03:26.798"/>
</kw>
<status status="PASS" starttime="20240610 09:01:41.001" endtime="20240610 09:03:26.798"/>
</test>
<test id="s1-s1-t2" name="element" line="14">
<kw name="Get WebElement" library="SeleniumLibrary">
<var>${element}</var>
<arg>//button[@type='submit']</arg>
<doc>Returns the first WebElement matching the given ``locator``.</doc>
<msg timestamp="20240610 09:03:26.884" level="INFO">${element} = &lt;selenium.webdriver.remote.webelement.WebElement (session="76db5cc20e0c28a08622e4d8a619741c", element="f.BCDE82508EABCE298D53A24A08C205D6.d.A0BD80A492E72C9526966B2DD1507571.e.8")&gt;</msg>
<status status="PASS" starttime="20240610 09:03:26.809" endtime="20240610 09:03:26.884"/>
</kw>
<kw name="Set Global Variable" library="BuiltIn">
<arg>${element}</arg>
<doc>Makes a variable available globally in all tests and suites.</doc>
<msg timestamp="20240610 09:03:26.886" level="INFO">${element} = &lt;selenium.webdriver.remote.webelement.WebElement (session="76db5cc20e0c28a08622e4d8a619741c", element="f.BCDE82508EABCE298D53A24A08C205D6.d.A0BD80A492E72C9526966B2DD1507571.e.8")&gt;</msg>
<status status="PASS" starttime="20240610 09:03:26.884" endtime="20240610 09:03:26.886"/>
</kw>
<status status="PASS" starttime="20240610 09:03:26.798" endtime="20240610 09:03:26.887"/>
</test>
<test id="s1-s1-t3" name="Verify Background Color" line="17">
<kw name="Color" library="test">
<var>${result}</var>
<arg>${element}</arg>
<msg timestamp="20240610 09:03:26.910" level="INFO">${result} = rgba(255, 123, 29, 1)</msg>
<status status="PASS" starttime="20240610 09:03:26.889" endtime="20240610 09:03:26.910"/>
</kw>
<kw name="Log" library="BuiltIn">
<arg>${result}</arg>
<doc>Logs the given message with the given level.</doc>
<msg timestamp="20240610 09:03:26.910" level="INFO">rgba(255, 123, 29, 1)</msg>
<status status="PASS" starttime="20240610 09:03:26.910" endtime="20240610 09:03:26.910"/>
</kw>
<kw name="Should Be Equal" library="BuiltIn">
<arg>${result}</arg>
<arg>${exp_color}</arg>
<doc>Fails if the given objects are unequal.</doc>
<msg timestamp="20240610 09:03:26.910" level="FAIL">rgba(255, 123, 29, 1) != rgba(29, 255, 247, 1)</msg>
<status status="FAIL" starttime="20240610 09:03:26.910" endtime="20240610 09:03:26.910"/>
</kw>
<status status="FAIL" starttime="20240610 09:03:26.889" endtime="20240610 09:03:26.910">rgba(255, 123, 29, 1) != rgba(29, 255, 247, 1)</status>
</test>
<status status="FAIL" starttime="20240610 09:01:40.658" endtime="20240610 09:03:26.910"/>
</suite>
<status status="FAIL" starttime="20240610 09:01:40.627" endtime="20240610 09:03:26.910"/>
</suite>
<statistics>
<total>
<stat pass="2" fail="1" skip="0">All Tests</stat>
</total>
<tag>
</tag>
<suite>
<stat pass="2" fail="1" skip="0" id="s1" name="Color Validation">Color Validation</stat>
<stat pass="2" fail="1" skip="0" id="s1-s1" name="Robot Color">Color Validation.Robot Color</stat>
</suite>
</statistics>
<errors>
<msg timestamp="20240610 09:03:07.206" level="WARN">Exception managing chrome: error sending request for url (https://googlechromelabs.github.io/chrome-for-testing/known-good-versions-with-downloads.json): error trying to connect: tcp connect error: A connection attempt failed because the connected party did not properly respond after a period of time, or established connection failed because connected host has failed to respond. (os error 10060)</msg>
<msg timestamp="20240610 09:03:07.206" level="WARN">The chromedriver version (124.0.6367.91) detected in PATH at D:\Program Files\Python312\Scripts\chromedriver.exe might not be compatible with the detected chrome version (125.0.6422.142); currently, chromedriver  is recommended for chrome 125.*, so it is advised to delete the driver in PATH and retry</msg>
</errors>
</robot>
